# Logfile created on 2018-08-05 23:45:09 +0100 by logger.rb/47272
I, [2018-08-05T23:45:09.292084 #88811]  INFO -- : Running example 'Verifying a pact between Text to Speech Animal Consumer and Animal Noise Service Given return the noise a dog makes a request to determine the noise a dog makes with GET /animal/dog returns a response which has status code 200'
I, [2018-08-05T23:45:09.292183 #88811]  INFO -- : Sending GET request to path: "/animal/dog" with headers: {}, see debug logs for body
D, [2018-08-05T23:45:09.292203 #88811] DEBUG -- : body :
I, [2018-08-05T23:45:09.312357 #88811]  INFO -- : Received response with status: 200, headers: {"Content-Type"=>"application/json", "Content-Length"=>"50", "Server"=>"Werkzeug/0.14.1 Python/3.6.5", "Date"=>"Sun, 05 Aug 2018 22:45:09 GMT"}, see debug logs for body
D, [2018-08-05T23:45:09.312415 #88811] DEBUG -- : body: {
    "animal_name": "dog",
    "noise": "bark"
}

I, [2018-08-05T23:45:48.814628 #88864]  INFO -- : Running example 'Verifying a pact between Text to Speech Animal Consumer and Animal Noise Service Given return the noise a dog makes a request to determine the noise a dog makes with GET /animal/dog returns a response which has status code 200'
I, [2018-08-05T23:45:48.814993 #88864]  INFO -- : Sending GET request to path: "/animal/dog" with headers: {}, see debug logs for body
D, [2018-08-05T23:45:48.815027 #88864] DEBUG -- : body :
I, [2018-08-05T23:45:48.831258 #88864]  INFO -- : Received response with status: 200, headers: {"Content-Type"=>"application/json", "Content-Length"=>"50", "Server"=>"Werkzeug/0.14.1 Python/3.6.5", "Date"=>"Sun, 05 Aug 2018 22:45:48 GMT"}, see debug logs for body
D, [2018-08-05T23:45:48.831329 #88864] DEBUG -- : body: {
    "animal_name": "dog",
    "noise": "bark"
}

I, [2018-08-05T23:46:49.060921 #88897]  INFO -- : Running example 'Verifying a pact between Text to Speech Animal Consumer and Animal Noise Service Given return the noise a dog makes a request to determine the noise a dog makes with GET /animal/dog returns a response which has status code 200'
I, [2018-08-05T23:46:49.061307 #88897]  INFO -- : Sending GET request to path: "/animal/dog" with headers: {}, see debug logs for body
D, [2018-08-05T23:46:49.061345 #88897] DEBUG -- : body :
I, [2018-08-05T23:46:49.077020 #88897]  INFO -- : Received response with status: 200, headers: {"Content-Type"=>"application/json", "Content-Length"=>"50", "Server"=>"Werkzeug/0.14.1 Python/3.6.5", "Date"=>"Sun, 05 Aug 2018 22:46:49 GMT"}, see debug logs for body
D, [2018-08-05T23:46:49.077074 #88897] DEBUG -- : body: {
    "animal_name": "dog",
    "noise": "bark"
}

I, [2018-08-05T23:49:00.251038 #88990]  INFO -- : Running example 'Verifying a pact between Text to Speech Animal Consumer and Animal Noise Service Given return the noise a dog makes a request to determine the noise a dog makes with GET /animal/dog returns a response which has status code 200'
I, [2018-08-05T23:49:00.251421 #88990]  INFO -- : Sending GET request to path: "/animal/dog" with headers: {}, see debug logs for body
D, [2018-08-05T23:49:00.251457 #88990] DEBUG -- : body :
I, [2018-08-05T23:49:00.268661 #88990]  INFO -- : Received response with status: 200, headers: {"Content-Type"=>"application/json", "Content-Length"=>"50", "Server"=>"Werkzeug/0.14.1 Python/3.6.5", "Date"=>"Sun, 05 Aug 2018 22:49:00 GMT"}, see debug logs for body
D, [2018-08-05T23:49:00.268711 #88990] DEBUG -- : body: {
    "animal_name": "dog",
    "noise": "bark"
}

I, [2018-08-05T23:49:00.270795 #88990]  INFO -- : Running example 'Verifying a pact between Text to Speech Animal Consumer and Animal Noise Service A request to determine the noise a spider makes with GET /animal/spider returns a response which has status code 404'
I, [2018-08-05T23:49:00.270879 #88990]  INFO -- : Sending GET request to path: "/animal/spider" with headers: {}, see debug logs for body
D, [2018-08-05T23:49:00.270899 #88990] DEBUG -- : body :
I, [2018-08-05T23:49:00.273425 #88990]  INFO -- : Received response with status: 404, headers: {"Content-Type"=>"application/json", "Content-Length"=>"19", "Server"=>"Werkzeug/0.14.1 Python/3.6.5", "Date"=>"Sun, 05 Aug 2018 22:49:00 GMT"}, see debug logs for body
D, [2018-08-05T23:49:00.273502 #88990] DEBUG -- : body: "Animal not found"

I, [2018-08-05T23:49:10.626968 #89018]  INFO -- : Running example 'Verifying a pact between Text to Speech Animal Consumer and Animal Noise Service A request to determine the noise a dog makes with GET /animal/dog returns a response which has status code 200'
I, [2018-08-05T23:49:10.627371 #89018]  INFO -- : Sending GET request to path: "/animal/dog" with headers: {}, see debug logs for body
D, [2018-08-05T23:49:10.627415 #89018] DEBUG -- : body :
I, [2018-08-05T23:49:10.645702 #89018]  INFO -- : Received response with status: 200, headers: {"Content-Type"=>"application/json", "Content-Length"=>"50", "Server"=>"Werkzeug/0.14.1 Python/3.6.5", "Date"=>"Sun, 05 Aug 2018 22:49:10 GMT"}, see debug logs for body
D, [2018-08-05T23:49:10.645824 #89018] DEBUG -- : body: {
    "animal_name": "dog",
    "noise": "bark"
}

I, [2018-08-05T23:49:10.648048 #89018]  INFO -- : Running example 'Verifying a pact between Text to Speech Animal Consumer and Animal Noise Service A request to determine the noise a spider makes with GET /animal/spider returns a response which has status code 404'
I, [2018-08-05T23:49:10.648136 #89018]  INFO -- : Sending GET request to path: "/animal/spider" with headers: {}, see debug logs for body
D, [2018-08-05T23:49:10.648156 #89018] DEBUG -- : body :
I, [2018-08-05T23:49:10.650884 #89018]  INFO -- : Received response with status: 404, headers: {"Content-Type"=>"application/json", "Content-Length"=>"19", "Server"=>"Werkzeug/0.14.1 Python/3.6.5", "Date"=>"Sun, 05 Aug 2018 22:49:10 GMT"}, see debug logs for body
D, [2018-08-05T23:49:10.650953 #89018] DEBUG -- : body: "Animal not found"

